<?xml version="1.0" encoding="UTF-8"?>
<testsuites>
    <testsuite name="force.apex" timestamp="2020-08-05T21:24:16-05:00" hostname="https://inspiration-computing-6472-dev-ed.cs91.my.salesforce.com" tests="5" failures="1"  errors="0"  time="4.27">
        <properties>
            <property name="outcome" value="Failed"/>
            <property name="testsRan" value="5"/>
            <property name="passing" value="4"/>
            <property name="failing" value="1"/>
            <property name="skipped" value="0"/>
            <property name="passRate" value="80%"/>
            <property name="failRate" value="20%"/>
            <property name="testStartTime" value="Aug 5, 2020 9:24 PM"/>
            <property name="testExecutionTime" value="4.27 s"/>
            <property name="testTotalTime" value="4.27 s"/>
            <property name="commandTime" value="16.82 s"/>
            <property name="hostname" value="https://inspiration-computing-6472-dev-ed.cs91.my.salesforce.com"/>
            <property name="orgId" value="00D2F000000AiZOUA0"/>
            <property name="username" value="test-lanivcw2dtmk@example.com"/>
            <property name="testRunId" value="7072F00001W3u4P"/>
            <property name="userId" value="0052F000006JcZ3QAK"/>
        </properties>
        <testcase name="shouldCreateAccountConnectionFromQuestionValue" classname="formsConnectionCreateJobTest" time="1.45">
        </testcase>
        <testcase name="shouldCreateMultipleConnectionsFromCustomValues" classname="formsConnectionCreateJobTest" time="0.76">
        </testcase>
        <testcase name="shouldCreateMultipleConnectionsWithAppropriateStoreIds" classname="formsConnectionCreateJobTest" time="0.77">
        </testcase>
        <testcase name="shouldFailToCreateOpportunityConnectionFromCustomValue" classname="formsConnectionCreateJobTest" time="0.76">
            <failure message="System.AssertException: Assertion Failed: Expected: Failed, Actual: Success"><![CDATA[Class.forms.ConnectionCreateJobTest.shouldFailToCreateOpportunityConnectionFromCustomValue: line 148, column 1]]></failure>
        </testcase>
        <testcase name="shouldUpdateProcessToFailed" classname="formsConnectionCreateJobTest" time="0.53">
        </testcase>
    </testsuite>
</testsuites>
