<?xml version="1.0" encoding="UTF-8"?>
<testsuites>
    <testsuite name="force.apex" timestamp="2019-12-12T21:40:28-06:00" hostname="https://customization-business-8920-dev-ed.cs94.my.salesforce.com" tests="1" failures="0"  errors="0"  time="0.12">
        <properties>
            <property name="outcome" value="Passed"/>
            <property name="testsRan" value="1"/>
            <property name="passing" value="1"/>
            <property name="failing" value="0"/>
            <property name="skipped" value="0"/>
            <property name="passRate" value="100%"/>
            <property name="failRate" value="0%"/>
            <property name="testStartTime" value="Dec 12, 2019 9:40 PM"/>
            <property name="testExecutionTime" value="0.12 s"/>
            <property name="testTotalTime" value="0.12 s"/>
            <property name="commandTime" value="5.34 s"/>
            <property name="hostname" value="https://customization-business-8920-dev-ed.cs94.my.salesforce.com"/>
            <property name="orgId" value="00D0R0000001hlnUAA"/>
            <property name="username" value="test-tkg6ixvrkmnr@example.com"/>
            <property name="testRunId" value="7070R00000mLwdd"/>
            <property name="userId" value="0050R000003YmuIQAS"/>
        </properties>
        <testcase name="shouldGetFormResponses" classname="FormControllerTest" time="0.12">
        </testcase>
    </testsuite>
</testsuites>
