<?xml version="1.0" encoding="UTF-8"?>
<testsuites>
    <testsuite name="force.apex" timestamp="2020-07-30T23:09:20-05:00" hostname="https://inspiration-computing-6472-dev-ed.cs91.my.salesforce.com" tests="1" failures="0"  errors="0"  time="0.7">
        <properties>
            <property name="outcome" value="Passed"/>
            <property name="testsRan" value="1"/>
            <property name="passing" value="1"/>
            <property name="failing" value="0"/>
            <property name="skipped" value="0"/>
            <property name="passRate" value="100%"/>
            <property name="failRate" value="0%"/>
            <property name="testStartTime" value="Jul 30, 2020 11:09 PM"/>
            <property name="testExecutionTime" value="0.7 s"/>
            <property name="testTotalTime" value="0.7 s"/>
            <property name="commandTime" value="6.97 s"/>
            <property name="hostname" value="https://inspiration-computing-6472-dev-ed.cs91.my.salesforce.com"/>
            <property name="orgId" value="00D2F000000AiZOUA0"/>
            <property name="username" value="test-lanivcw2dtmk@example.com"/>
            <property name="testRunId" value="7072F00001VmHF3"/>
            <property name="userId" value="0052F000006JcZ3QAK"/>
        </properties>
        <testcase name="shouldSaveQuestionWithOptions" classname="formsBuilderControllerUnitTest" time="0.7">
        </testcase>
    </testsuite>
</testsuites>
