<?xml version="1.0" encoding="UTF-8"?>
<testsuites>
    <testsuite name="force.apex" timestamp="2020-08-03T10:14:08-05:00" hostname="https://inspiration-computing-6472-dev-ed.cs91.my.salesforce.com" tests="1" failures="1"  errors="0"  time="0.18">
        <properties>
            <property name="outcome" value="Failed"/>
            <property name="testsRan" value="1"/>
            <property name="passing" value="0"/>
            <property name="failing" value="1"/>
            <property name="skipped" value="0"/>
            <property name="passRate" value="0%"/>
            <property name="failRate" value="100%"/>
            <property name="testStartTime" value="Aug 3, 2020 10:14 AM"/>
            <property name="testExecutionTime" value="0.18 s"/>
            <property name="testTotalTime" value="0.18 s"/>
            <property name="commandTime" value="5.29 s"/>
            <property name="hostname" value="https://inspiration-computing-6472-dev-ed.cs91.my.salesforce.com"/>
            <property name="orgId" value="00D2F000000AiZOUA0"/>
            <property name="username" value="test-lanivcw2dtmk@example.com"/>
            <property name="testRunId" value="7072F00001W13Pl"/>
            <property name="userId" value="0052F000006JcZ3QAK"/>
        </properties>
        <testcase name="shouldDeleteFieldOnConnectionUpdate" classname="formsConnectionFieldValidationTest" time="0.18">
            <failure message="System.AssertException: Assertion Failed: Expected: 0, Actual: 1"><![CDATA[Class.forms.ConnectionFieldValidationTest.shouldDeleteFieldOnConnectionUpdate: line 51, column 1]]></failure>
        </testcase>
    </testsuite>
</testsuites>
