<?xml version="1.0" encoding="UTF-8"?>
<testsuites>
    <testsuite name="force.apex" timestamp="2020-01-16T18:44:40-06:00" hostname="https://java-ability-1684-dev-ed.cs18.my.salesforce.com" tests="1" failures="0"  errors="0"  time="0">
        <properties>
            <property name="outcome" value="Passed"/>
            <property name="testsRan" value="1"/>
            <property name="passing" value="0"/>
            <property name="failing" value="0"/>
            <property name="skipped" value="1"/>
            <property name="passRate" value="NaN%"/>
            <property name="failRate" value="NaN%"/>
            <property name="testStartTime" value="Jan 16, 2020 6:44 PM"/>
            <property name="testExecutionTime" value="0 s"/>
            <property name="testTotalTime" value="0 s"/>
            <property name="commandTime" value="2.72 s"/>
            <property name="hostname" value="https://java-ability-1684-dev-ed.cs18.my.salesforce.com"/>
            <property name="orgId" value="00D1100000BwinsEAB"/>
            <property name="username" value="test-wc0mayhd3hmi@example.com"/>
            <property name="testRunId" value="7071100001o89bB"/>
            <property name="userId" value="00511000006ptkJAAQ"/>
        </properties>
        <testcase name="shouldSaveQuestions" classname="formsClarityFormBuilderTest" time="0">
            <failure message="Method shouldSaveQuestions does not exist in the the apex class with Id :01p11000003B4P0"></failure>
        </testcase>
    </testsuite>
</testsuites>
