<?xml version="1.0" encoding="UTF-8"?>
<testsuites>
    <testsuite name="force.apex" timestamp="2020-01-24T17:57:41-06:00" hostname="https://saas-force-6592-dev-ed.cs43.my.salesforce.com" tests="1" failures="0"  errors="0"  time="0.38">
        <properties>
            <property name="outcome" value="Passed"/>
            <property name="testsRan" value="1"/>
            <property name="passing" value="1"/>
            <property name="failing" value="0"/>
            <property name="skipped" value="0"/>
            <property name="passRate" value="100%"/>
            <property name="failRate" value="0%"/>
            <property name="testStartTime" value="Jan 24, 2020 5:57 PM"/>
            <property name="testExecutionTime" value="0.38 s"/>
            <property name="testTotalTime" value="0.38 s"/>
            <property name="commandTime" value="79.71 s"/>
            <property name="hostname" value="https://saas-force-6592-dev-ed.cs43.my.salesforce.com"/>
            <property name="orgId" value="00D63000000Dsa5EAC"/>
            <property name="username" value="test-kzsaqkcclnnv@example.com"/>
            <property name="testRunId" value="7076300001LrEIn"/>
            <property name="userId" value="00563000003U8IMAA0"/>
        </properties>
        <testcase name="shouldCheckConnections" classname="formsClarityFormResponseTest" time="0.38">
        </testcase>
    </testsuite>
</testsuites>
