<?xml version="1.0" encoding="UTF-8"?>
<testsuites>
    <testsuite name="force.apex" timestamp="2020-08-02T14:56:00-05:00" hostname="https://inspiration-computing-6472-dev-ed.cs91.my.salesforce.com" tests="1" failures="1"  errors="0"  time="0.88">
        <properties>
            <property name="outcome" value="Failed"/>
            <property name="testsRan" value="1"/>
            <property name="passing" value="0"/>
            <property name="failing" value="1"/>
            <property name="skipped" value="0"/>
            <property name="passRate" value="0%"/>
            <property name="failRate" value="100%"/>
            <property name="testStartTime" value="Aug 2, 2020 2:56 PM"/>
            <property name="testExecutionTime" value="0.88 s"/>
            <property name="testTotalTime" value="0.88 s"/>
            <property name="commandTime" value="8.1 s"/>
            <property name="hostname" value="https://inspiration-computing-6472-dev-ed.cs91.my.salesforce.com"/>
            <property name="orgId" value="00D2F000000AiZOUA0"/>
            <property name="username" value="test-lanivcw2dtmk@example.com"/>
            <property name="testRunId" value="7072F00001W0XYM"/>
            <property name="userId" value="0052F000006JcZ3QAK"/>
        </properties>
        <testcase name="shouldUpdateProcessToFailed" classname="formsConnectionCreateJobTest" time="0.88">
            <failure message="System.NullPointerException: Attempt to de-reference a null object"><![CDATA[Class.forms.ConnectionCreateJob.generateSObject: line 104, column 1
Class.forms.ConnectionCreateJob.execute: line 62, column 1]]></failure>
        </testcase>
    </testsuite>
</testsuites>
