<?xml version="1.0" encoding="UTF-8"?>
<testsuites>
    <testsuite name="force.apex" timestamp="2019-11-21T23:17:49-06:00" hostname="https://efficiency-energy-4546-dev-ed.cs41.my.salesforce.com" tests="1" failures="0"  errors="0"  time="1.07">
        <properties>
            <property name="outcome" value="Passed"/>
            <property name="testsRan" value="1"/>
            <property name="passing" value="1"/>
            <property name="failing" value="0"/>
            <property name="skipped" value="0"/>
            <property name="passRate" value="100%"/>
            <property name="failRate" value="0%"/>
            <property name="testStartTime" value="Nov 21, 2019 11:17 PM"/>
            <property name="testExecutionTime" value="1.07 s"/>
            <property name="testTotalTime" value="1.07 s"/>
            <property name="commandTime" value="4.23 s"/>
            <property name="hostname" value="https://efficiency-energy-4546-dev-ed.cs41.my.salesforce.com"/>
            <property name="orgId" value="00D550000007L8REAU"/>
            <property name="username" value="test-ny6k239xml1j@example.com"/>
            <property name="testRunId" value="7075500001LJSjr"/>
            <property name="userId" value="00555000003vDL9AAM"/>
        </properties>
        <testcase name="shouldAssignFormToUserCreated" classname="FormResponseAssignmentTest" time="1.07">
        </testcase>
    </testsuite>
</testsuites>
