<?xml version="1.0" encoding="UTF-8"?>
<testsuites>
    <testsuite name="force.apex" timestamp="2020-08-03T13:16:15-05:00" hostname="https://inspiration-computing-6472-dev-ed.cs91.my.salesforce.com" tests="1" failures="1"  errors="0"  time="1.83">
        <properties>
            <property name="outcome" value="Failed"/>
            <property name="testsRan" value="1"/>
            <property name="passing" value="0"/>
            <property name="failing" value="1"/>
            <property name="skipped" value="0"/>
            <property name="passRate" value="0%"/>
            <property name="failRate" value="100%"/>
            <property name="testStartTime" value="Aug 3, 2020 1:16 PM"/>
            <property name="testExecutionTime" value="1.83 s"/>
            <property name="testTotalTime" value="1.83 s"/>
            <property name="commandTime" value="16.26 s"/>
            <property name="hostname" value="https://inspiration-computing-6472-dev-ed.cs91.my.salesforce.com"/>
            <property name="orgId" value="00D2F000000AiZOUA0"/>
            <property name="username" value="test-lanivcw2dtmk@example.com"/>
            <property name="testRunId" value="7072F00001W19zX"/>
            <property name="userId" value="0052F000006JcZ3QAK"/>
        </properties>
        <testcase name="shouldCreateMultipleConnectionsFromCustomValues" classname="formsConnectionCreateJobTest" time="1.83">
            <failure message="System.FinalException: Record is read-only"><![CDATA[Class.forms.fflib_SObjectUnitOfWork.Relationship.resolve: line 973, column 1
Class.forms.fflib_SObjectUnitOfWork.Relationships.resolve: line 882, column 1
Class.forms.fflib_SObjectUnitOfWork.insertDmlByType: line 761, column 1
Class.forms.fflib_SObjectUnitOfWork.doCommitWork: line 708, column 1
Class.forms.fflib_SObjectUnitOfWork.commitWork: line 686, column 1
Class.forms.ResponsesServiceImpl.upsertConnectionSObject: line 339, column 1
Class.forms.ResponsesService.upsertConnectionSObject: line 60, column 1
Class.forms.ConnectionCreateJob.execute: line 65, column 1]]></failure>
        </testcase>
    </testsuite>
</testsuites>
