<?xml version="1.0" encoding="UTF-8"?>
<testsuites>
    <testsuite name="force.apex" timestamp="2020-08-03T13:02:20-05:00" hostname="https://inspiration-computing-6472-dev-ed.cs91.my.salesforce.com" tests="1" failures="1"  errors="0"  time="2.31">
        <properties>
            <property name="outcome" value="Failed"/>
            <property name="testsRan" value="1"/>
            <property name="passing" value="0"/>
            <property name="failing" value="1"/>
            <property name="skipped" value="0"/>
            <property name="passRate" value="0%"/>
            <property name="failRate" value="100%"/>
            <property name="testStartTime" value="Aug 3, 2020 1:02 PM"/>
            <property name="testExecutionTime" value="2.31 s"/>
            <property name="testTotalTime" value="2.31 s"/>
            <property name="commandTime" value="17.39 s"/>
            <property name="hostname" value="https://inspiration-computing-6472-dev-ed.cs91.my.salesforce.com"/>
            <property name="orgId" value="00D2F000000AiZOUA0"/>
            <property name="username" value="test-lanivcw2dtmk@example.com"/>
            <property name="testRunId" value="7072F00001W19Ly"/>
            <property name="userId" value="0052F000006JcZ3QAK"/>
        </properties>
        <testcase name="shouldCreateMultipleConnectionsFromCustomValues" classname="formsConnectionCreateJobTest" time="2.31">
            <failure message="System.AssertException: Assertion Failed: Expected: Success, Actual: Failed"><![CDATA[Class.forms.ConnectionCreateJobTest.shouldCreateMultipleConnectionsFromCustomValues: line 162, column 1]]></failure>
        </testcase>
    </testsuite>
</testsuites>
