<?xml version="1.0" encoding="UTF-8"?>
<testsuites>
    <testsuite name="force.apex" timestamp="2019-11-22T08:00:49-06:00" hostname="https://efficiency-energy-4546-dev-ed.cs41.my.salesforce.com" tests="1" failures="1"  errors="0"  time="1.64">
        <properties>
            <property name="outcome" value="Failed"/>
            <property name="testsRan" value="1"/>
            <property name="passing" value="0"/>
            <property name="failing" value="1"/>
            <property name="skipped" value="0"/>
            <property name="passRate" value="0%"/>
            <property name="failRate" value="100%"/>
            <property name="testStartTime" value="Nov 22, 2019 8:00 AM"/>
            <property name="testExecutionTime" value="1.64 s"/>
            <property name="testTotalTime" value="1.64 s"/>
            <property name="commandTime" value="6.27 s"/>
            <property name="hostname" value="https://efficiency-energy-4546-dev-ed.cs41.my.salesforce.com"/>
            <property name="orgId" value="00D550000007L8REAU"/>
            <property name="username" value="test-ny6k239xml1j@example.com"/>
            <property name="testRunId" value="7075500001LJkaP"/>
            <property name="userId" value="00555000003vDL9AAM"/>
        </properties>
        <testcase name="shouldAssignFormToUserCreated" classname="FormResponseAssignmentTest" time="1.64">
            <failure message="System.AssertException: Assertion Failed: Expected: null, Actual: 00555000003vcCfAAI"><![CDATA[Class.FormResponseAssignmentTest.shouldAssignFormToUserCreated: line 48, column 1]]></failure>
        </testcase>
    </testsuite>
</testsuites>
