<?xml version="1.0" encoding="UTF-8"?>
<testsuites>
    <testsuite name="force.apex" timestamp="2020-07-30T23:20:56-05:00" hostname="https://inspiration-computing-6472-dev-ed.cs91.my.salesforce.com" tests="1" failures="1"  errors="0"  time="0.52">
        <properties>
            <property name="outcome" value="Failed"/>
            <property name="testsRan" value="1"/>
            <property name="passing" value="0"/>
            <property name="failing" value="1"/>
            <property name="skipped" value="0"/>
            <property name="passRate" value="0%"/>
            <property name="failRate" value="100%"/>
            <property name="testStartTime" value="Jul 30, 2020 11:20 PM"/>
            <property name="testExecutionTime" value="0.52 s"/>
            <property name="testTotalTime" value="0.52 s"/>
            <property name="commandTime" value="6.99 s"/>
            <property name="hostname" value="https://inspiration-computing-6472-dev-ed.cs91.my.salesforce.com"/>
            <property name="orgId" value="00D2F000000AiZOUA0"/>
            <property name="username" value="test-lanivcw2dtmk@example.com"/>
            <property name="testRunId" value="7072F00001VmH9Q"/>
            <property name="userId" value="0052F000006JcZ3QAK"/>
        </properties>
        <testcase name="shouldNotDeleteForm" classname="formsFormSummaryControllerUnitTest" time="0.52">
            <failure message="System.AuraHandledException: Script-thrown exception"><![CDATA[Class.forms.FormsServiceImpl.deleteById: line 28, column 1
Class.forms.FormsService.deleteById: line 32, column 1
Class.forms.FormSummaryController.deleteForm: line 32, column 1
Class.forms.FormSummaryControllerUnitTest.shouldNotDeleteForm: line 77, column 1]]></failure>
        </testcase>
    </testsuite>
</testsuites>
