<?xml version="1.0" encoding="UTF-8"?>
<testsuites>
    <testsuite name="force.apex" timestamp="2019-12-12T21:52:03-06:00" hostname="https://customization-business-8920-dev-ed.cs94.my.salesforce.com" tests="5" failures="1"  errors="0"  time="0.88">
        <properties>
            <property name="outcome" value="Failed"/>
            <property name="testsRan" value="5"/>
            <property name="passing" value="4"/>
            <property name="failing" value="1"/>
            <property name="skipped" value="0"/>
            <property name="passRate" value="80%"/>
            <property name="failRate" value="20%"/>
            <property name="testStartTime" value="Dec 12, 2019 9:52 PM"/>
            <property name="testExecutionTime" value="0.88 s"/>
            <property name="testTotalTime" value="0.88 s"/>
            <property name="commandTime" value="7.12 s"/>
            <property name="hostname" value="https://customization-business-8920-dev-ed.cs94.my.salesforce.com"/>
            <property name="orgId" value="00D0R0000001hlnUAA"/>
            <property name="username" value="test-tkg6ixvrkmnr@example.com"/>
            <property name="testRunId" value="7070R00000mLwcD"/>
            <property name="userId" value="0050R000003YmuIQAS"/>
        </properties>
        <testcase name="shouldDeleteForm" classname="FormControllerTest" time="0.73">
        </testcase>
        <testcase name="shouldDeleteFormResponse" classname="FormControllerTest" time="0.01">
            <failure message="System.QueryException: List has no rows for assignment to SObject"><![CDATA[Class.FormController.deleteForm: line 39, column 1
Class.FormControllerTest.shouldDeleteFormResponse: line 31, column 1]]></failure>
        </testcase>
        <testcase name="shouldGetFormResponses" classname="FormControllerTest" time="0.06">
        </testcase>
        <testcase name="shouldNotDeleteForm" classname="FormControllerTest" time="0.03">
        </testcase>
        <testcase name="shouldPublishForm" classname="FormControllerTest" time="0.05">
        </testcase>
    </testsuite>
</testsuites>
